[debug] [2022-03-13T16:58:59.572Z] ----------------------------------------------------------------------
[debug] [2022-03-13T16:58:59.573Z] Command:       C:\Program Files\nodejs\node.exe C:\Users\Ramdas Vengurlekar\AppData\Roaming\npm\node_modules\firebase-tools\lib\bin\firebase.js deploy
[debug] [2022-03-13T16:58:59.574Z] CLI Version:   10.2.2
[debug] [2022-03-13T16:58:59.574Z] Platform:      win32
[debug] [2022-03-13T16:58:59.574Z] Node Version:  v16.14.0
[debug] [2022-03-13T16:58:59.575Z] Time:          Sun Mar 13 2022 22:28:59 GMT+0530 (India Standard Time)
[debug] [2022-03-13T16:58:59.575Z] ----------------------------------------------------------------------
[debug] 
[debug] [2022-03-13T16:58:59.629Z] > command requires scopes: ["email","openid","https://www.googleapis.com/auth/cloudplatformprojects.readonly","https://www.googleapis.com/auth/firebase","https://www.googleapis.com/auth/cloud-platform"]
[debug] [2022-03-13T16:58:59.630Z] > authorizing via signed-in user (yashrajrvengurlekar@gmail.com)
[debug] [2022-03-13T16:58:59.630Z] [iam] checking project clone-1aca3 for permissions ["cloudfunctions.functions.create","cloudfunctions.functions.delete","cloudfunctions.functions.get","cloudfunctions.functions.list","cloudfunctions.functions.update","cloudfunctions.operations.get","firebase.projects.get","firebasehosting.sites.update"]
[debug] [2022-03-13T16:58:59.632Z] >>> [apiv2][query] POST https://cloudresourcemanager.googleapis.com/v1/projects/clone-1aca3:testIamPermissions [none]
[debug] [2022-03-13T16:58:59.632Z] >>> [apiv2][body] POST https://cloudresourcemanager.googleapis.com/v1/projects/clone-1aca3:testIamPermissions {"permissions":["cloudfunctions.functions.create","cloudfunctions.functions.delete","cloudfunctions.functions.get","cloudfunctions.functions.list","cloudfunctions.functions.update","cloudfunctions.operations.get","firebase.projects.get","firebasehosting.sites.update"]}
[debug] [2022-03-13T16:59:01.405Z] <<< [apiv2][status] POST https://cloudresourcemanager.googleapis.com/v1/projects/clone-1aca3:testIamPermissions 200
[debug] [2022-03-13T16:59:01.405Z] <<< [apiv2][body] POST https://cloudresourcemanager.googleapis.com/v1/projects/clone-1aca3:testIamPermissions {"permissions":["cloudfunctions.functions.create","cloudfunctions.functions.delete","cloudfunctions.functions.get","cloudfunctions.functions.list","cloudfunctions.functions.update","cloudfunctions.operations.get","firebase.projects.get","firebasehosting.sites.update"]}
[debug] [2022-03-13T16:59:01.406Z] >>> [apiv2][query] POST https://iam.googleapis.com/v1/projects/clone-1aca3/serviceAccounts/clone-1aca3@appspot.gserviceaccount.com:testIamPermissions [none]
[debug] [2022-03-13T16:59:01.406Z] >>> [apiv2][body] POST https://iam.googleapis.com/v1/projects/clone-1aca3/serviceAccounts/clone-1aca3@appspot.gserviceaccount.com:testIamPermissions {"permissions":["iam.serviceAccounts.actAs"]}
[debug] [2022-03-13T16:59:03.113Z] <<< [apiv2][status] POST https://iam.googleapis.com/v1/projects/clone-1aca3/serviceAccounts/clone-1aca3@appspot.gserviceaccount.com:testIamPermissions 200
[debug] [2022-03-13T16:59:03.113Z] <<< [apiv2][body] POST https://iam.googleapis.com/v1/projects/clone-1aca3/serviceAccounts/clone-1aca3@appspot.gserviceaccount.com:testIamPermissions {"permissions":["iam.serviceAccounts.actAs"]}
[debug] [2022-03-13T16:59:03.114Z] >>> [apiv2][query] GET https://firebase.googleapis.com/v1beta1/projects/clone-1aca3 [none]
[debug] [2022-03-13T16:59:04.076Z] <<< [apiv2][status] GET https://firebase.googleapis.com/v1beta1/projects/clone-1aca3 200
[debug] [2022-03-13T16:59:04.076Z] <<< [apiv2][body] GET https://firebase.googleapis.com/v1beta1/projects/clone-1aca3 {"projectId":"clone-1aca3","projectNumber":"1022795661495","displayName":"amazon-clone","name":"projects/clone-1aca3","resources":{"hostingSite":"clone-1aca3","storageBucket":"clone-1aca3.appspot.com","locationId":"us-central"},"state":"ACTIVE"}
[info] 
[info] === Deploying to 'clone-1aca3'...
[info] 
[info] i  deploying functions, hosting 
[debug] [2022-03-13T16:59:04.482Z] TypeError [ERR_INVALID_ARG_TYPE]: The "path" argument must be of type string. Received undefined
    at new NodeError (node:internal/errors:371:5)
    at validateString (node:internal/validators:120:11)
    at Object.join (node:path:429:7)
    at Config.path (C:\Users\Ramdas Vengurlekar\AppData\Roaming\npm\node_modules\firebase-tools\lib\config.js:115:45)
    at getChildEnvironment (C:\Users\Ramdas Vengurlekar\AppData\Roaming\npm\node_modules\firebase-tools\lib\deploy\lifecycleHooks.js:50:49)
    at runTargetCommands (C:\Users\Ramdas Vengurlekar\AppData\Roaming\npm\node_modules\firebase-tools\lib\deploy\lifecycleHooks.js:71:14)
    at C:\Users\Ramdas Vengurlekar\AppData\Roaming\npm\node_modules\firebase-tools\lib\deploy\lifecycleHooks.js:122:24
    at processTicksAndRejections (node:internal/process/task_queues:96:5)
[error] 
[error] Error: An unexpected error has occurred.
